2025-04-08 22:37:29.338365 - Received CBT.V508.FILE047.PDS from FILE047.XMI 
2025-04-08 22:37:29.340609 - Found $$$#DATE.txt (text/plain) in CBT.V508.FILE047.PDS, moved to PDS/$$$#DATE
2025-04-08 22:37:29.341212 - Found $DOC.txt (text/plain) in CBT.V508.FILE047.PDS, moved to PDS/$DOC
2025-04-08 22:37:29.341830 - Found @FILE047.txt (text/plain) in CBT.V508.FILE047.PDS, moved to PDS/@FILE047
2025-04-08 22:37:29.342687 - Found ASM.txt (text/plain) in CBT.V508.FILE047.PDS, moved to PDS/ASM
2025-04-08 22:37:29.343401 - Found CLISTS.txt (text/plain) in CBT.V508.FILE047.PDS, moved to PDS/CLISTS
2025-04-08 22:37:29.344933 - Found CMD1.txt (text/plain) in CBT.V508.FILE047.PDS, moved to PDS/CMD1
2025-04-08 22:37:29.345603 - Found EDX.bin (application/octet-stream) in CBT.V508.FILE047.PDS, moved to PDS/EDX
2025-04-08 22:37:29.346239 - Found EXITS.txt (text/plain) in CBT.V508.FILE047.PDS, moved to PDS/EXITS
2025-04-08 22:37:29.346898 - Found JCLFLOW.txt (text/plain) in CBT.V508.FILE047.PDS, moved to PDS/JCLFLOW
2025-04-08 22:37:29.347908 - Found LISTICAT.bin (application/octet-stream) in CBT.V508.FILE047.PDS, moved to PDS/LISTICAT
2025-04-08 22:37:29.348486 - Found MSGS.txt (text/plain) in CBT.V508.FILE047.PDS, moved to PDS/MSGS
2025-04-08 22:37:29.349591 - Found NOCELL.txt (text/plain) in CBT.V508.FILE047.PDS, moved to PDS/NOCELL
2025-04-08 22:37:29.350218 - Found PANELS.txt (text/plain) in CBT.V508.FILE047.PDS, moved to PDS/PANELS
2025-04-08 22:37:29.350960 - Found RMFIII.txt (text/plain) in CBT.V508.FILE047.PDS, moved to PDS/RMFIII
2025-04-08 22:37:29.351669 - Found SAS.txt (text/plain) in CBT.V508.FILE047.PDS, moved to PDS/SAS
2025-04-08 22:37:29.352307 - Found SASOLDER.txt (text/plain) in CBT.V508.FILE047.PDS, moved to PDS/SASOLDER
2025-04-08 22:37:29.352891 - Found SKELS.txt (text/plain) in CBT.V508.FILE047.PDS, moved to PDS/SKELS
2025-04-08 22:37:29.353567 - Found SMPELIST.txt (text/plain) in CBT.V508.FILE047.PDS, moved to PDS/SMPELIST
2025-04-08 22:37:29.354397 - Found TABLES.bin (application/octet-stream) in CBT.V508.FILE047.PDS, moved to PDS/TABLES
